{
  "RSpec": {
    "coverage": {
      "/Users/nicholasdorans/turing/1module/Complete-Me/lib/complete_me.rb": [
        1,
        null,
        1,
        1,
        null,
        1,
        9,
        9,
        9,
        9,
        null,
        null,
        null,
        null,
        null,
        null,
        null,
        1,
        1,
        1,
        null,
        1,
        3,
        3,
        null,
        null,
        1,
        1,
        1,
        1,
        null,
        null,
        1,
        6,
        1,
        1,
        null,
        5,
        5,
        5,
        5,
        5,
        null,
        0,
        null,
        null,
        null,
        null,
        1,
        0,
        0,
        null,
        null,
        1,
        0,
        0,
        0,
        0,
        0,
        0,
        null,
        null,
        null,
        null,
        1,
        null,
        null,
        null,
        1,
        0,
        0,
        null,
        null,
        null,
        null,
        null,
        null,
        null,
        null,
        null,
        1,
        null,
        0,
        null,
        0,
        0,
        0,
        0,
        0,
        0,
        0,
        0,
        null,
        null,
        null,
        null,
        null
      ],
      "/Users/nicholasdorans/turing/1module/Complete-Me/test/test_helper.rb": [
        1,
        1
      ]
    },
    "timestamp": 1450293933
  }
}
